TIMESTAMP: 2041-03-15T14:30:00Z
MISSION_PHASE: TRANS_MARS_INJECTION_PLUS_3_HOURS
SPACECRAFT: ARES-7
REF_FRAME: J2000_EARTH_CENTERED_INERTIAL

TELEM_STREAM_01:
  - PROP_TANK_A_PRESS: 3405 PSI
  - PROP_TANK_B_PRESS: 3398 PSI
  - RCS_QUAD_1_STATUS: NOMINAL
  - RCS_QUAD_2_STATUS: NOMINAL
  - RCS_QUAD_3_STATUS: DEGRADED (THRUSTER 3B TEMP HIGH)
  - RCS_QUAD_4_STATUS: NOMINAL
  - DELTA_V_REMAINING: 1850 m/s

NAV_SOLUTION:
  - POS_X: 6500.231 km
  - POS_Y: -420.110 km
  - POS_Z: 120.550 km
  - VEL_X: 7.82 km/s
  - VEL_Y: 0.12 km/s
  - VEL_Z: 0.05 km/s

WARNINGS:
  - THERMAL_LOOP_B_FLOW_RATE_LOW
